#
# A fatal error has been detected by the Java Runtime Environment:
#
#  SIGSEGV (0xb) at pc=0x000000010b384d5b, pid=70458, tid=0x0000000000001003
#
# JRE version: Java(TM) SE Runtime Environment (8.0_181-b13) (build 1.8.0_181-b13)
# Java VM: Java HotSpot(TM) 64-Bit Server VM (25.181-b13 mixed mode bsd-amd64 compressed oops)
# Problematic frame:
# V  [libjvm.dylib+0x584d5b]  Unsafe_GetNativeInt+0x47
#
# Failed to write core dump. Core dumps have been disabled. To enable core dumping, try "ulimit -c unlimited" before starting Java again
#
# If you would like to submit a bug report, please visit:
#   http://bugreport.java.com/bugreport/crash.jsp
#

---------------  T H R E A D  ---------------

Current thread (0x00007fe392009000):  JavaThread "main" [_thread_in_vm, id=4099, stack(0x0000700001d7b000,0x0000700001e7b000)]

siginfo: si_signo: 11 (SIGSEGV), si_code: 1 (SEGV_MAPERR), si_addr: 0x0000000000000010

Registers:
RAX=0x00007fe392009000, RBX=0x0000000000000010, RCX=0x000000010b62a5e0, RDX=0x0000000000000010
RSP=0x0000700001e7a810, RBP=0x0000700001e7a840, RSI=0x0000000000000006, RDI=0x000000000000010c
R8 =0x000000010c3564e7, R9 =0x00000000fffffff0, R10=0x000000010c30d63b, R11=0x000000010b2e8867
R12=0x0000000000000000, R13=0x00000001248cb498, R14=0x00007fe392009000, R15=0x0000700001e7a820
RIP=0x000000010b384d5b, EFLAGS=0x0000000000010246, ERR=0x0000000000000004
  TRAPNO=0x000000000000000e

Top of Stack: (sp=0x0000700001e7a810)
0x0000700001e7a810:   00007fe392009000 00007fe392009000
0x0000700001e7a820:   00007fe392009000 00000001248cb498
0x0000700001e7a830:   0000700001e7a8e0 00007fe392009000
0x0000700001e7a840:   0000700001e7a8b0 000000010c30d667
0x0000700001e7a850:   0000700001e7a8b0 000000010c30d3b9
0x0000700001e7a860:   0000000124c4f298 000000010c30d382
0x0000700001e7a870:   0000700001e7a870 00000001248cb498
0x0000700001e7a880:   0000700001e7a8e0 00000001248f9308
0x0000700001e7a890:   0000000000000000 00000001248cb498
0x0000700001e7a8a0:   0000000000000000 0000700001e7a8d0
0x0000700001e7a8b0:   0000700001e7a930 000000010c2fcd00
0x0000700001e7a8c0:   0000000000000000 000000010c306d16
0x0000700001e7a8d0:   0000000000000010 000000076aef5f98
0x0000700001e7a8e0:   000000076ab089a8 000000076ab1ff50
0x0000700001e7a8f0:   0000700001e7a8f0 0000000124c4f22e
0x0000700001e7a900:   0000700001e7a948 0000000124c4f930
0x0000700001e7a910:   0000000000000000 0000000124c4f298
0x0000700001e7a920:   0000700001e7a8d0 0000700001e7a940
0x0000700001e7a930:   0000700001e7a990 000000010c2fd2bd
0x0000700001e7a940:   0000000000000400 000000076aef5f98
0x0000700001e7a950:   0000700001e7a950 0000000124c4f10c
0x0000700001e7a960:   0000700001e7a9a0 0000000124c4f930
0x0000700001e7a970:   0000000000000000 0000000124c4f128
0x0000700001e7a980:   0000700001e7a940 0000700001e7a9a0
0x0000700001e7a990:   0000700001e7a9f0 000000010c2fd2bd
0x0000700001e7a9a0:   000000076aef5f98 000000076aef5f98
0x0000700001e7a9b0:   0000700001e7a9b0 0000000124c4f05c
0x0000700001e7a9c0:   0000700001e7aa08 0000000124c4f930
0x0000700001e7a9d0:   0000000000000000 0000000124c4f080
0x0000700001e7a9e0:   0000700001e7a9a0 0000700001e7aa08
0x0000700001e7a9f0:   0000700001e7aa70 000000010c2f57a7
0x0000700001e7aa00:   0000000000000000 000000076aef5f88 

Instructions: (pc=0x000000010b384d5b)
0x000000010b384d3b:   00 e8 37 5c be ff 4c 89 75 d8 48 8d 05 34 98 2b
0x000000010b384d4b:   00 48 63 38 e8 2c b2 04 00 c6 80 94 02 00 00 01
0x000000010b384d5b:   8b 1b c6 80 94 02 00 00 00 48 8d 7d d8 e8 4f d0
0x000000010b384d6b:   be ff ba 04 00 00 00 4c 89 ff be 06 00 00 00 e8 

Register to memory mapping:

RAX=0x00007fe392009000 is a thread
RBX=0x0000000000000010 is an unknown value
RCX=0x000000010b62a5e0: UseMembar+0 in /Library/Java/JavaVirtualMachines/jdk1.8.0_181.jdk/Contents/Home/jre/lib/server/libjvm.dylib at 0x000000010ae00000
RDX=0x0000000000000010 is an unknown value
RSP=0x0000700001e7a810 is pointing into the stack for thread: 0x00007fe392009000
RBP=0x0000700001e7a840 is pointing into the stack for thread: 0x00007fe392009000
RSI=0x0000000000000006 is an unknown value
RDI=0x000000000000010c is an unknown value
R8 =0x000000010c3564e7 is at code_begin+7 in 
[CodeBlob (0x000000010c356490)]
Framesize: 0
BufferBlob (0x000000010c356490) used for Signature Handler Temp Buffer
R9 =0x00000000fffffff0 is an unknown value
R10=0x000000010c30d63b is at code_begin+859 in an Interpreter codelet
method entry point (kind = native)  [0x000000010c30d2e0, 0x000000010c30dc40]  2400 bytes
R11=0x000000010b2e8867: throw_unsatisfied_link_error+0 in /Library/Java/JavaVirtualMachines/jdk1.8.0_181.jdk/Contents/Home/jre/lib/server/libjvm.dylib at 0x000000010ae00000
R12=0x0000000000000000 is an unknown value
R13={method} {0x00000001248cb498} 'getInt' '(J)I' in 'sun/misc/Unsafe'
R14=0x00007fe392009000 is a thread
R15=0x0000700001e7a820 is pointing into the stack for thread: 0x00007fe392009000


Stack: [0x0000700001d7b000,0x0000700001e7b000],  sp=0x0000700001e7a810,  free space=1022k
Native frames: (J=compiled Java code, j=interpreted, Vv=VM code, C=native code)
V  [libjvm.dylib+0x584d5b]  Unsafe_GetNativeInt+0x47
j  sun.misc.Unsafe.getInt(J)I+0
j  com.xieyangzhe.others.RingBuffer.<init>(I)V+126
j  com.xieyangzhe.others.RingBuffer.<init>()V+4
j  com.xieyangzhe.others.RingBuffer.main([Ljava/lang/String;)V+4
v  ~StubRoutines::call_stub
V  [libjvm.dylib+0x2efcba]  JavaCalls::call_helper(JavaValue*, methodHandle*, JavaCallArguments*, Thread*)+0x6ae
V  [libjvm.dylib+0x326c61]  jni_invoke_static(JNIEnv_*, JavaValue*, _jobject*, JNICallType, _jmethodID*, JNI_ArgumentPusher*, Thread*)+0x1bf
V  [libjvm.dylib+0x31f9ed]  jni_CallStaticVoidMethod+0x15d
C  [java+0x38c6]  JavaMain+0x9c4
C  [libsystem_pthread.dylib+0x6109]  _pthread_start+0x94
C  [libsystem_pthread.dylib+0x1b8b]  thread_start+0xf
C  0x0000000000000000

Java frames: (J=compiled Java code, j=interpreted, Vv=VM code)
j  sun.misc.Unsafe.getInt(J)I+0
j  com.xieyangzhe.others.RingBuffer.<init>(I)V+126
j  com.xieyangzhe.others.RingBuffer.<init>()V+4
j  com.xieyangzhe.others.RingBuffer.main([Ljava/lang/String;)V+4
v  ~StubRoutines::call_stub

---------------  P R O C E S S  ---------------

Java Threads: ( => current thread )
  0x00007fe393832800 JavaThread "Service Thread" daemon [_thread_blocked, id=22275, stack(0x00007000032bd000,0x00007000033bd000)]
  0x00007fe39282c800 JavaThread "C1 CompilerThread3" daemon [_thread_blocked, id=21763, stack(0x00007000031ba000,0x00007000032ba000)]
  0x00007fe39282c000 JavaThread "C2 CompilerThread2" daemon [_thread_blocked, id=16899, stack(0x00007000030b7000,0x00007000031b7000)]
  0x00007fe39184d000 JavaThread "C2 CompilerThread1" daemon [_thread_blocked, id=17411, stack(0x0000700002fb4000,0x00007000030b4000)]
  0x00007fe393826000 JavaThread "C2 CompilerThread0" daemon [_thread_blocked, id=16387, stack(0x0000700002eb1000,0x0000700002fb1000)]
  0x00007fe39382d800 JavaThread "Monitor Ctrl-Break" daemon [_thread_in_native, id=15875, stack(0x0000700002dae000,0x0000700002eae000)]
  0x00007fe39080e000 JavaThread "Signal Dispatcher" daemon [_thread_blocked, id=15363, stack(0x0000700002cab000,0x0000700002dab000)]
  0x00007fe392019800 JavaThread "Finalizer" daemon [_thread_blocked, id=12547, stack(0x0000700002aa2000,0x0000700002ba2000)]
  0x00007fe392018800 JavaThread "Reference Handler" daemon [_thread_blocked, id=19203, stack(0x000070000299f000,0x0000700002a9f000)]
=>0x00007fe392009000 JavaThread "main" [_thread_in_vm, id=4099, stack(0x0000700001d7b000,0x0000700001e7b000)]

Other Threads:
  0x00007fe392016000 VMThread [stack: 0x000070000289c000,0x000070000299c000] [id=12035]
  0x00007fe393833000 WatcherThread [stack: 0x00007000033c0000,0x00007000034c0000] [id=43011]

VM state:not at safepoint (normal execution)

VM Mutex/Monitor currently owned by a thread: None

Heap:
 PSYoungGen      total 76288K, used 5248K [0x000000076ab00000, 0x0000000770000000, 0x00000007c0000000)
  eden space 65536K, 8% used [0x000000076ab00000,0x000000076b0203a0,0x000000076eb00000)
  from space 10752K, 0% used [0x000000076f580000,0x000000076f580000,0x0000000770000000)
  to   space 10752K, 0% used [0x000000076eb00000,0x000000076eb00000,0x000000076f580000)
 ParOldGen       total 175104K, used 0K [0x00000006c0000000, 0x00000006cab00000, 0x000000076ab00000)
  object space 175104K, 0% used [0x00000006c0000000,0x00000006c0000000,0x00000006cab00000)
 Metaspace       used 3325K, capacity 4500K, committed 4864K, reserved 1056768K
  class space    used 368K, capacity 388K, committed 512K, reserved 1048576K

Card table byte_map: [0x000000011b2f5000,0x000000011baf6000] byte_map_base: 0x0000000117cf5000

Marking Bits: (ParMarkBitMap*) 0x000000010b6f9cd0
 Begin Bits: [0x000000011c04c000, 0x000000012004c000)
 End Bits:   [0x000000012004c000, 0x000000012404c000)

Polling page: 0x000000010952a000

CodeCache: size=245760Kb used=1113Kb max_used=1113Kb free=244646Kb
 bounds [0x000000010c2f5000, 0x000000010c565000, 0x000000011b2f5000]
 total_blobs=275 nmethods=28 adapters=162
 compilation: enabled

Compilation events (10 events):
Event: 0.130 Thread 0x00007fe39282c800   20       3       java.lang.String::indexOf (70 bytes)
Event: 0.130 Thread 0x00007fe39282c800 nmethod 20 0x000000010c407790 code [0x000000010c407920, 0x000000010c407ca8]
Event: 0.130 Thread 0x00007fe39282c800   21       3       java.lang.ThreadLocal::getMap (5 bytes)
Event: 0.130 Thread 0x00007fe39282c800 nmethod 21 0x000000010c407410 code [0x000000010c407580, 0x000000010c4076d0]
Event: 0.130 Thread 0x00007fe39282c800   22       3       java.util.concurrent.ConcurrentHashMap::tabAt (21 bytes)
Event: 0.130 Thread 0x00007fe39282c800 nmethod 22 0x000000010c408c90 code [0x000000010c408e00, 0x000000010c409030]
Event: 0.130 Thread 0x00007fe39282c800   24       3       java.lang.String::indexOf (7 bytes)
Event: 0.130 Thread 0x00007fe39282c800 nmethod 24 0x000000010c4090d0 code [0x000000010c409240, 0x000000010c409448]
Event: 0.130 Thread 0x00007fe39282c800   25       3       java.lang.ref.Reference::<init> (25 bytes)
Event: 0.130 Thread 0x00007fe39282c800 nmethod 25 0x000000010c4094d0 code [0x000000010c409640, 0x000000010c409890]

GC Heap History (0 events):
No events

Deoptimization events (0 events):
No events

Classes redefined (0 events):
No events

Internal exceptions (2 events):
Event: 0.040 Thread 0x00007fe392009000 Exception <a 'java/lang/NoSuchMethodError': Method sun.misc.Unsafe.defineClass(Ljava/lang/String;[BII)Ljava/lang/Class; name or signature does not match> (0x000000076ab07cb0) thrown at [/Users/java_re/workspace/8-2-build-macosx-x86_64/jdk8u181/11358/hotsp
Event: 0.040 Thread 0x00007fe392009000 Exception <a 'java/lang/NoSuchMethodError': Method sun.misc.Unsafe.prefetchRead(Ljava/lang/Object;J)V name or signature does not match> (0x000000076ab07f98) thrown at [/Users/java_re/workspace/8-2-build-macosx-x86_64/jdk8u181/11358/hotspot/src/share/vm/pr

Events (10 events):
Event: 0.131 loading class sun/reflect/UnsafeQualifiedStaticFieldAccessorImpl done
Event: 0.131 loading class sun/reflect/UnsafeQualifiedStaticObjectFieldAccessorImpl done
Event: 0.131 loading class java/util/HashMap$EntrySet
Event: 0.131 loading class java/util/HashMap$EntrySet done
Event: 0.131 loading class java/util/HashMap$EntryIterator
Event: 0.131 loading class java/util/HashMap$HashIterator
Event: 0.131 loading class java/util/HashMap$HashIterator done
Event: 0.131 loading class java/util/HashMap$EntryIterator done
Event: 0.131 loading class java/net/Inet6Address$Inet6AddressHolder
Event: 0.131 loading class java/net/Inet6Address$Inet6AddressHolder done


Dynamic libraries:
0x00007fff38b89000 	/System/Library/Frameworks/Cocoa.framework/Versions/A/Cocoa
0x00007fff46366000 	/System/Library/Frameworks/Security.framework/Versions/A/Security
0x00007fff37af3000 	/System/Library/Frameworks/ApplicationServices.framework/Versions/A/ApplicationServices
0x00007fff72f10000 	/usr/lib/libz.1.dylib
0x00007fff709d4000 	/usr/lib/libSystem.B.dylib
0x00007fff72834000 	/usr/lib/libobjc.A.dylib
0x00007fff39a24000 	/System/Library/Frameworks/CoreFoundation.framework/Versions/A/CoreFoundation
0x00007fff3c0da000 	/System/Library/Frameworks/Foundation.framework/Versions/C/Foundation
0x00007fff36ce4000 	/System/Library/Frameworks/AppKit.framework/Versions/C/AppKit
0x00007fff3950d000 	/System/Library/Frameworks/CoreData.framework/Versions/A/CoreData
0x00007fff6a9f5000 	/System/Library/PrivateFrameworks/UIFoundation.framework/Versions/A/UIFoundation
0x00007fff65aa3000 	/System/Library/PrivateFrameworks/RemoteViewServices.framework/Versions/A/RemoteViewServices
0x00007fff6d549000 	/System/Library/PrivateFrameworks/XCTTargetBootstrap.framework/Versions/A/XCTTargetBootstrap
0x00007fff398f8000 	/System/Library/Frameworks/CoreDisplay.framework/Versions/A/CoreDisplay
0x00007fff3ef93000 	/System/Library/Frameworks/Metal.framework/Versions/A/Metal
0x00007fff53afc000 	/System/Library/PrivateFrameworks/DesktopServicesPriv.framework/Versions/A/DesktopServicesPriv
0x00007fff71b11000 	/usr/lib/liblangid.dylib
0x00007fff52d95000 	/System/Library/PrivateFrameworks/CoreSVG.framework/Versions/A/CoreSVG
0x00007fff68bf9000 	/System/Library/PrivateFrameworks/SkyLight.framework/Versions/A/SkyLight
0x00007fff39ea5000 	/System/Library/Frameworks/CoreGraphics.framework/Versions/A/CoreGraphics
0x00007fff356b8000 	/System/Library/Frameworks/Accelerate.framework/Versions/A/Accelerate
0x00007fff72e01000 	/usr/lib/libxml2.2.dylib
0x00007fff5ea55000 	/System/Library/PrivateFrameworks/IconServices.framework/Versions/A/IconServices
0x00007fff3c8b9000 	/System/Library/Frameworks/IOSurface.framework/Versions/A/IOSurface
0x00007fff704fe000 	/usr/lib/libDiagnosticMessagesClient.dylib
0x00007fff53956000 	/System/Library/PrivateFrameworks/DFRFoundation.framework/Versions/A/DFRFoundation
0x00007fff718a0000 	/usr/lib/libicucore.A.dylib
0x00007fff37e25000 	/System/Library/Frameworks/AudioToolbox.framework/Versions/A/AudioToolbox
0x00007fff37f08000 	/System/Library/Frameworks/AudioUnit.framework/Versions/A/AudioUnit
0x00007fff70bd6000 	/usr/lib/libauto.dylib
0x00007fff539f8000 	/System/Library/PrivateFrameworks/DataDetectorsCore.framework/Versions/A/DataDetectorsCore
0x00007fff386aa000 	/System/Library/Frameworks/Carbon.framework/Versions/A/Frameworks/HIToolbox.framework/Versions/A/HIToolbox
0x00007fff45563000 	/System/Library/Frameworks/QuartzCore.framework/Versions/A/QuartzCore
0x00007fff389e9000 	/System/Library/Frameworks/Carbon.framework/Versions/A/Frameworks/SpeechRecognition.framework/Versions/A/SpeechRecognition
0x00007fff5346d000 	/System/Library/PrivateFrameworks/CoreUI.framework/Versions/A/CoreUI
0x00007fff38f78000 	/System/Library/Frameworks/CoreAudio.framework/Versions/A/CoreAudio
0x00007fff3bd9f000 	/System/Library/Frameworks/DiskArbitration.framework/Versions/A/DiskArbitration
0x00007fff60aa2000 	/System/Library/PrivateFrameworks/MultitouchSupport.framework/Versions/A/MultitouchSupport
0x00007fff71767000 	/usr/lib/libenergytrace.dylib
0x00007fff3c813000 	/System/Library/Frameworks/IOKit.framework/Versions/A/IOKit
0x00007fff3ae0c000 	/System/Library/Frameworks/CoreServices.framework/Versions/A/CoreServices
0x00007fff62c39000 	/System/Library/PrivateFrameworks/PerformanceAnalysis.framework/Versions/A/PerformanceAnalysis
0x00007fff44596000 	/System/Library/Frameworks/OpenGL.framework/Versions/A/OpenGL
0x00007fff38b97000 	/System/Library/Frameworks/ColorSync.framework/Versions/A/ColorSync
0x00007fff3a527000 	/System/Library/Frameworks/CoreImage.framework/Versions/A/CoreImage
0x00007fff3b87e000 	/System/Library/Frameworks/CoreText.framework/Versions/A/CoreText
0x00007fff3c949000 	/System/Library/Frameworks/ImageIO.framework/Versions/A/ImageIO
0x00007fff70cba000 	/usr/lib/libc++.1.dylib
0x00007fff70d36000 	/usr/lib/libcompression.dylib
0x00007fff70842000 	/usr/lib/libMobileGestalt.dylib
0x00007fff6a76e000 	/System/Library/PrivateFrameworks/TextureIO.framework/Versions/A/TextureIO
0x00007fff70b39000 	/usr/lib/libate.dylib
0x00007fff5ec5e000 	/System/Library/PrivateFrameworks/InternationalSupport.framework/Versions/A/InternationalSupport
0x00007fff737d0000 	/usr/lib/system/libcache.dylib
0x00007fff737d6000 	/usr/lib/system/libcommonCrypto.dylib
0x00007fff737e2000 	/usr/lib/system/libcompiler_rt.dylib
0x00007fff737ea000 	/usr/lib/system/libcopyfile.dylib
0x00007fff737f4000 	/usr/lib/system/libcorecrypto.dylib
0x00007fff73993000 	/usr/lib/system/libdispatch.dylib
0x00007fff739d4000 	/usr/lib/system/libdyld.dylib
0x00007fff73a0b000 	/usr/lib/system/libkeymgr.dylib
0x00007fff73a19000 	/usr/lib/system/liblaunch.dylib
0x00007fff73a1a000 	/usr/lib/system/libmacho.dylib
0x00007fff73a20000 	/usr/lib/system/libquarantine.dylib
0x00007fff73a23000 	/usr/lib/system/libremovefile.dylib
0x00007fff73a25000 	/usr/lib/system/libsystem_asl.dylib
0x00007fff73a3d000 	/usr/lib/system/libsystem_blocks.dylib
0x00007fff73a3e000 	/usr/lib/system/libsystem_c.dylib
0x00007fff73ac6000 	/usr/lib/system/libsystem_configuration.dylib
0x00007fff73aca000 	/usr/lib/system/libsystem_coreservices.dylib
0x00007fff73ace000 	/usr/lib/system/libsystem_darwin.dylib
0x00007fff73ad7000 	/usr/lib/system/libsystem_dnssd.dylib
0x00007fff73adf000 	/usr/lib/system/libsystem_featureflags.dylib
0x00007fff73ae1000 	/usr/lib/system/libsystem_info.dylib
0x00007fff73b5c000 	/usr/lib/system/libsystem_m.dylib
0x00007fff73ba4000 	/usr/lib/system/libsystem_malloc.dylib
0x00007fff73bcc000 	/usr/lib/system/libsystem_networkextension.dylib
0x00007fff73bda000 	/usr/lib/system/libsystem_notify.dylib
0x00007fff73bf8000 	/usr/lib/system/libsystem_sandbox.dylib
0x00007fff73bfd000 	/usr/lib/system/libsystem_secinit.dylib
0x00007fff73b2f000 	/usr/lib/system/libsystem_kernel.dylib
0x00007fff73be4000 	/usr/lib/system/libsystem_platform.dylib
0x00007fff73bed000 	/usr/lib/system/libsystem_pthread.dylib
0x00007fff73c00000 	/usr/lib/system/libsystem_symptoms.dylib
0x00007fff73c08000 	/usr/lib/system/libsystem_trace.dylib
0x00007fff73c20000 	/usr/lib/system/libunwind.dylib
0x00007fff73c26000 	/usr/lib/system/libxpc.dylib
0x00007fff70d0d000 	/usr/lib/libc++abi.dylib
0x00007fff71b13000 	/usr/lib/liblzma.5.dylib
0x00007fff7178e000 	/usr/lib/libfakelink.dylib
0x00007fff70ac6000 	/usr/lib/libarchive.2.dylib
0x00007fff47416000 	/System/Library/Frameworks/SystemConfiguration.framework/Versions/A/SystemConfiguration
0x00007fff70431000 	/usr/lib/libCRFSuite.dylib
0x00007fff3829b000 	/System/Library/Frameworks/CFNetwork.framework/Versions/A/CFNetwork
0x00007fff70c9c000 	/usr/lib/libbsm.0.dylib
0x00007fff73a0c000 	/usr/lib/system/libkxld.dylib
0x00007fff4d32b000 	/System/Library/PrivateFrameworks/AppleFSCompression.framework/Versions/A/AppleFSCompression
0x00007fff71027000 	/usr/lib/libcoretls.dylib
0x00007fff7103e000 	/usr/lib/libcoretls_cfhelpers.dylib
0x00007fff7287a000 	/usr/lib/libpam.2.dylib
0x00007fff729af000 	/usr/lib/libsqlite3.dylib
0x00007fff72dee000 	/usr/lib/libxar.1.dylib
0x00007fff70cad000 	/usr/lib/libbz2.1.0.dylib
0x00007fff717af000 	/usr/lib/libiconv.2.dylib
0x00007fff70d23000 	/usr/lib/libcharset.1.dylib
0x00007fff72319000 	/usr/lib/libnetwork.dylib
0x00007fff72881000 	/usr/lib/libpcap.A.dylib
0x00007fff70a7b000 	/usr/lib/libapple_nghttp2.dylib
0x00007fff3b1c3000 	/System/Library/Frameworks/CoreServices.framework/Versions/A/Frameworks/FSEvents.framework/Versions/A/FSEvents
0x00007fff3ae93000 	/System/Library/Frameworks/CoreServices.framework/Versions/A/Frameworks/CarbonCore.framework/Versions/A/CarbonCore
0x00007fff3b406000 	/System/Library/Frameworks/CoreServices.framework/Versions/A/Frameworks/Metadata.framework/Versions/A/Metadata
0x00007fff3b49f000 	/System/Library/Frameworks/CoreServices.framework/Versions/A/Frameworks/OSServices.framework/Versions/A/OSServices
0x00007fff3b4cd000 	/System/Library/Frameworks/CoreServices.framework/Versions/A/Frameworks/SearchKit.framework/Versions/A/SearchKit
0x00007fff3ae0d000 	/System/Library/Frameworks/CoreServices.framework/Versions/A/Frameworks/AE.framework/Versions/A/AE
0x00007fff3b1cc000 	/System/Library/Frameworks/CoreServices.framework/Versions/A/Frameworks/LaunchServices.framework/Versions/A/LaunchServices
0x00007fff3b175000 	/System/Library/Frameworks/CoreServices.framework/Versions/A/Frameworks/DictionaryServices.framework/Versions/A/DictionaryServices
0x00007fff3b535000 	/System/Library/Frameworks/CoreServices.framework/Versions/A/Frameworks/SharedFileList.framework/Versions/A/SharedFileList
0x00007fff403b6000 	/System/Library/Frameworks/NetFS.framework/Versions/A/NetFS
0x00007fff60fd1000 	/System/Library/PrivateFrameworks/NetAuth.framework/Versions/A/NetAuth
0x00007fff6d916000 	/System/Library/PrivateFrameworks/login.framework/Versions/A/Frameworks/loginsupport.framework/Versions/A/loginsupport
0x00007fff6a23b000 	/System/Library/PrivateFrameworks/TCC.framework/Versions/A/TCC
0x00007fff51f08000 	/System/Library/PrivateFrameworks/CoreNLP.framework/Versions/A/CoreNLP
0x00007fff604d0000 	/System/Library/PrivateFrameworks/MetadataUtilities.framework/Versions/A/MetadataUtilities
0x00007fff71beb000 	/usr/lib/libmecabra.dylib
0x00007fff71b43000 	/usr/lib/libmecab.dylib
0x00007fff7179f000 	/usr/lib/libgermantok.dylib
0x00007fff70a62000 	/usr/lib/libThaiTokenizer.dylib
0x00007fff70468000 	/usr/lib/libChineseTokenizer.dylib
0x00007fff356d0000 	/System/Library/Frameworks/Accelerate.framework/Versions/A/Frameworks/vImage.framework/Versions/A/vImage
0x00007fff36b3a000 	/System/Library/Frameworks/Accelerate.framework/Versions/A/Frameworks/vecLib.framework/Versions/A/vecLib
0x00007fff36a77000 	/System/Library/Frameworks/Accelerate.framework/Versions/A/Frameworks/vecLib.framework/Versions/A/libvMisc.dylib
0x00007fff3689f000 	/System/Library/Frameworks/Accelerate.framework/Versions/A/Frameworks/vecLib.framework/Versions/A/libvDSP.dylib
0x00007fff35d27000 	/System/Library/Frameworks/Accelerate.framework/Versions/A/Frameworks/vecLib.framework/Versions/A/libBLAS.dylib
0x00007fff36463000 	/System/Library/Frameworks/Accelerate.framework/Versions/A/Frameworks/vecLib.framework/Versions/A/libLAPACK.dylib
0x00007fff367ff000 	/System/Library/Frameworks/Accelerate.framework/Versions/A/Frameworks/vecLib.framework/Versions/A/libLinearAlgebra.dylib
0x00007fff3688c000 	/System/Library/Frameworks/Accelerate.framework/Versions/A/Frameworks/vecLib.framework/Versions/A/libSparseBLAS.dylib
0x00007fff36815000 	/System/Library/Frameworks/Accelerate.framework/Versions/A/Frameworks/vecLib.framework/Versions/A/libQuadrature.dylib
0x00007fff35f8f000 	/System/Library/Frameworks/Accelerate.framework/Versions/A/Frameworks/vecLib.framework/Versions/A/libBNNS.dylib
0x00007fff3681b000 	/System/Library/Frameworks/Accelerate.framework/Versions/A/Frameworks/vecLib.framework/Versions/A/libSparse.dylib
0x00007fff5f046000 	/System/Library/PrivateFrameworks/LanguageModeling.framework/Versions/A/LanguageModeling
0x00007fff518b8000 	/System/Library/PrivateFrameworks/CoreEmoji.framework/Versions/A/CoreEmoji
0x00007fff5f164000 	/System/Library/PrivateFrameworks/LinguisticData.framework/Versions/A/LinguisticData
0x00007fff5f115000 	/System/Library/PrivateFrameworks/Lexicon.framework/Versions/A/Lexicon
0x00007fff70d24000 	/usr/lib/libcmph.dylib
0x00007fff42fa4000 	/System/Library/Frameworks/OpenDirectory.framework/Versions/A/Frameworks/CFOpenDirectory.framework/Versions/A/CFOpenDirectory
0x00007fff42fc1000 	/System/Library/Frameworks/OpenDirectory.framework/Versions/A/OpenDirectory
0x00007fff4b3e1000 	/System/Library/PrivateFrameworks/APFS.framework/Versions/A/APFS
0x00007fff466b0000 	/System/Library/Frameworks/SecurityFoundation.framework/Versions/A/SecurityFoundation
0x00007fff72dea000 	/usr/lib/libutil.dylib
0x00007fff52ded000 	/System/Library/PrivateFrameworks/CoreServicesStore.framework/Versions/A/CoreServicesStore
0x00007fff46767000 	/System/Library/Frameworks/ServiceManagement.framework/Versions/A/ServiceManagement
0x00007fff4eaf9000 	/System/Library/PrivateFrameworks/BackgroundTaskManagement.framework/Versions/A/BackgroundTaskManagement
0x00007fff72ee7000 	/usr/lib/libxslt.1.dylib
0x00007fff4d99d000 	/System/Library/PrivateFrameworks/AppleSystemInfo.framework/Versions/A/AppleSystemInfo
0x00007fff3cb64000 	/System/Library/Frameworks/ImageIO.framework/Versions/A/Resources/libJPEG.dylib
0x00007fff3ce20000 	/System/Library/Frameworks/ImageIO.framework/Versions/A/Resources/libTIFF.dylib
0x00007fff3ce03000 	/System/Library/Frameworks/ImageIO.framework/Versions/A/Resources/libPng.dylib
0x00007fff3caa6000 	/System/Library/Frameworks/ImageIO.framework/Versions/A/Resources/libGIF.dylib
0x00007fff3caaa000 	/System/Library/Frameworks/ImageIO.framework/Versions/A/Resources/libJP2.dylib
0x00007fff3ce1e000 	/System/Library/Frameworks/ImageIO.framework/Versions/A/Resources/libRadiance.dylib
0x00007fff71768000 	/usr/lib/libexpat.1.dylib
0x00007fff4d486000 	/System/Library/PrivateFrameworks/AppleJPEG.framework/Versions/A/AppleJPEG
0x00007fff560c8000 	/System/Library/PrivateFrameworks/FontServices.framework/libFontParser.dylib
0x00007fff6c91c000 	/System/Library/PrivateFrameworks/WatchdogClient.framework/Versions/A/WatchdogClient
0x00007fff5e6a2000 	/System/Library/PrivateFrameworks/IOAccelerator.framework/Versions/A/IOAccelerator
0x00007fff3f32e000 	/System/Library/Frameworks/MetalPerformanceShaders.framework/Versions/A/MetalPerformanceShaders
0x00007fff5ae3b000 	/System/Library/PrivateFrameworks/GPUWrangler.framework/Versions/A/GPUWrangler
0x00007fff5e6b7000 	/System/Library/PrivateFrameworks/IOPresentment.framework/Versions/A/IOPresentment
0x00007fff53969000 	/System/Library/PrivateFrameworks/DSExternalDisplay.framework/Versions/A/DSExternalDisplay
0x00007fff43935000 	/System/Library/Frameworks/OpenGL.framework/Versions/A/Libraries/libCoreFSCache.dylib
0x00007fff3f07a000 	/System/Library/Frameworks/MetalPerformanceShaders.framework/Frameworks/MPSCore.framework/Versions/A/MPSCore
0x00007fff3f0b8000 	/System/Library/Frameworks/MetalPerformanceShaders.framework/Frameworks/MPSImage.framework/Versions/A/MPSImage
0x00007fff3f17f000 	/System/Library/Frameworks/MetalPerformanceShaders.framework/Frameworks/MPSNeuralNetwork.framework/Versions/A/MPSNeuralNetwork
0x00007fff3f143000 	/System/Library/Frameworks/MetalPerformanceShaders.framework/Frameworks/MPSMatrix.framework/Versions/A/MPSMatrix
0x00007fff3f2de000 	/System/Library/Frameworks/MetalPerformanceShaders.framework/Frameworks/MPSRayIntersector.framework/Versions/A/MPSRayIntersector
0x00007fff3f169000 	/System/Library/Frameworks/MetalPerformanceShaders.framework/Frameworks/MPSNDArray.framework/Versions/A/MPSNDArray
0x00007fff6051d000 	/System/Library/PrivateFrameworks/MetalTools.framework/Versions/A/MetalTools
0x00007fff4c5b3000 	/System/Library/PrivateFrameworks/AggregateDictionary.framework/Versions/A/AggregateDictionary
0x00007fff51312000 	/System/Library/PrivateFrameworks/CoreAnalytics.framework/Versions/A/CoreAnalytics
0x00007fff4d8bc000 	/System/Library/PrivateFrameworks/AppleSauce.framework/Versions/A/AppleSauce
0x00007fff70724000 	/usr/lib/libIOReport.dylib
0x00007fff3ba36000 	/System/Library/Frameworks/CoreVideo.framework/Versions/A/CoreVideo
0x00007fff5c2b5000 	/System/Library/PrivateFrameworks/GraphVisualizer.framework/Versions/A/GraphVisualizer
0x00007fff5561c000 	/System/Library/PrivateFrameworks/FaceCore.framework/Versions/A/FaceCore
0x00007fff42f4b000 	/System/Library/Frameworks/OpenCL.framework/Versions/A/OpenCL
0x00007fff70546000 	/usr/lib/libFosl_dynamic.dylib
0x00007fff619e6000 	/System/Library/PrivateFrameworks/OTSVG.framework/Versions/A/OTSVG
0x00007fff37bf8000 	/System/Library/Frameworks/ApplicationServices.framework/Versions/A/Frameworks/ATS.framework/Versions/A/Resources/libFontRegistry.dylib
0x00007fff56299000 	/System/Library/PrivateFrameworks/FontServices.framework/libhvf.dylib
0x00007fff43940000 	/System/Library/Frameworks/OpenGL.framework/Versions/A/Libraries/libGFXShared.dylib
0x00007fff43b1e000 	/System/Library/Frameworks/OpenGL.framework/Versions/A/Libraries/libGLU.dylib
0x00007fff43949000 	/System/Library/Frameworks/OpenGL.framework/Versions/A/Libraries/libGL.dylib
0x00007fff43954000 	/System/Library/Frameworks/OpenGL.framework/Versions/A/Libraries/libGLImage.dylib
0x00007fff43932000 	/System/Library/Frameworks/OpenGL.framework/Versions/A/Libraries/libCVMSPluginSupport.dylib
0x00007fff4393b000 	/System/Library/Frameworks/OpenGL.framework/Versions/A/Libraries/libCoreVMClient.dylib
0x00007fff721ba000 	/usr/lib/libncurses.5.4.dylib
0x00007fff37af4000 	/System/Library/Frameworks/ApplicationServices.framework/Versions/A/Frameworks/ATS.framework/Versions/A/ATS
0x00007fff37cc1000 	/System/Library/Frameworks/ApplicationServices.framework/Versions/A/Frameworks/ColorSyncLegacy.framework/Versions/A/ColorSyncLegacy
0x00007fff37d5f000 	/System/Library/Frameworks/ApplicationServices.framework/Versions/A/Frameworks/HIServices.framework/Versions/A/HIServices
0x00007fff37db7000 	/System/Library/Frameworks/ApplicationServices.framework/Versions/A/Frameworks/LangAnalysis.framework/Versions/A/LangAnalysis
0x00007fff37dc6000 	/System/Library/Frameworks/ApplicationServices.framework/Versions/A/Frameworks/PrintCore.framework/Versions/A/PrintCore
0x00007fff37e0c000 	/System/Library/Frameworks/ApplicationServices.framework/Versions/A/Frameworks/QD.framework/Versions/A/QD
0x00007fff37e17000 	/System/Library/Frameworks/ApplicationServices.framework/Versions/A/Frameworks/SpeechSynthesis.framework/Versions/A/SpeechSynthesis
0x00007fff37c91000 	/System/Library/Frameworks/ApplicationServices.framework/Versions/A/Frameworks/ATSUI.framework/Versions/A/ATSUI
0x00007fff715fc000 	/usr/lib/libcups.2.dylib
0x00007fff3e3cb000 	/System/Library/Frameworks/Kerberos.framework/Versions/A/Kerberos
0x00007fff3c50c000 	/System/Library/Frameworks/GSS.framework/Versions/A/GSS
0x00007fff7293b000 	/usr/lib/libresolv.9.dylib
0x00007fff5c463000 	/System/Library/PrivateFrameworks/Heimdal.framework/Versions/A/Heimdal
0x00007fff3e3de000 	/System/Library/Frameworks/Kerberos.framework/Versions/A/Libraries/libHeimdalProxy.dylib
0x00007fff717a5000 	/usr/lib/libheimdal-asn1.dylib
0x00007fff507ab000 	/System/Library/PrivateFrameworks/CommonAuth.framework/Versions/A/CommonAuth
0x00007fff4da3a000 	/System/Library/PrivateFrameworks/AssertionServices.framework/Versions/A/AssertionServices
0x00007fff4e5dc000 	/System/Library/PrivateFrameworks/AudioToolboxCore.framework/Versions/A/AudioToolboxCore
0x00007fff6d5c6000 	/System/Library/PrivateFrameworks/caulk.framework/Versions/A/caulk
0x00007fff4eba5000 	/System/Library/PrivateFrameworks/BaseBoard.framework/Versions/A/BaseBoard
0x00007fff65c31000 	/System/Library/PrivateFrameworks/RunningBoardServices.framework/Versions/A/RunningBoardServices
0x00007fff62c45000 	/System/Library/PrivateFrameworks/PersistentConnection.framework/Versions/A/PersistentConnection
0x00007fff6562b000 	/System/Library/PrivateFrameworks/ProtocolBuffer.framework/Versions/A/ProtocolBuffer
0x00007fff507cf000 	/System/Library/PrivateFrameworks/CommonUtilities.framework/Versions/A/CommonUtilities
0x00007fff4ed33000 	/System/Library/PrivateFrameworks/Bom.framework/Versions/A/Bom
0x00007fff703f7000 	/usr/lib/libAudioToolboxUtility.dylib
0x00007fff4eb03000 	/System/Library/PrivateFrameworks/Backup.framework/Versions/A/Backup
0x00007fff5388a000 	/System/Library/PrivateFrameworks/CrashReporterSupport.framework/Versions/A/CrashReporterSupport
0x00007fff676bf000 	/System/Library/PrivateFrameworks/Sharing.framework/Versions/A/Sharing
0x00007fff4d049000 	/System/Library/PrivateFrameworks/Apple80211.framework/Versions/A/Apple80211
0x00007fff4e820000 	/System/Library/PrivateFrameworks/AuthKit.framework/Versions/A/AuthKit
0x00007fff5359a000 	/System/Library/PrivateFrameworks/CoreUtils.framework/Versions/A/CoreUtils
0x00007fff3ba7b000 	/System/Library/Frameworks/CoreWLAN.framework/Versions/A/CoreWLAN
0x00007fff3c699000 	/System/Library/Frameworks/IOBluetooth.framework/Versions/A/IOBluetooth
0x00007fff60821000 	/System/Library/PrivateFrameworks/MobileKeyBag.framework/Versions/A/MobileKeyBag
0x00007fff523a0000 	/System/Library/PrivateFrameworks/CorePhoneNumbers.framework/Versions/A/CorePhoneNumbers
0x00007fff4d439000 	/System/Library/PrivateFrameworks/AppleIDAuthSupport.framework/Versions/A/AppleIDAuthSupport
0x00007fff403c3000 	/System/Library/Frameworks/Network.framework/Versions/A/Network
0x00007fff5eef2000 	/System/Library/PrivateFrameworks/KeychainCircle.framework/Versions/A/KeychainCircle
0x00007fff394d4000 	/System/Library/Frameworks/CoreBluetooth.framework/Versions/A/CoreBluetooth
0x00007fff6973c000 	/System/Library/PrivateFrameworks/SpeechRecognitionCore.framework/Versions/A/SpeechRecognitionCore
0x000000010ae00000 	/Library/Java/JavaVirtualMachines/jdk1.8.0_181.jdk/Contents/Home/jre/lib/server/libjvm.dylib
0x00007fff72cbd000 	/usr/lib/libstdc++.6.dylib
0x00000001094e6000 	/Library/Java/JavaVirtualMachines/jdk1.8.0_181.jdk/Contents/Home/jre/lib/libverify.dylib
0x00000001094f4000 	/Library/Java/JavaVirtualMachines/jdk1.8.0_181.jdk/Contents/Home/jre/lib/libjava.dylib
0x000000010952b000 	/Library/Java/JavaVirtualMachines/jdk1.8.0_181.jdk/Contents/Home/jre/lib/libinstrument.dylib
0x00000001095c9000 	/Library/Java/JavaVirtualMachines/jdk1.8.0_181.jdk/Contents/Home/jre/lib/libzip.dylib
0x0000000129202000 	/Library/Java/JavaVirtualMachines/jdk1.8.0_181.jdk/Contents/Home/jre/lib/libnet.dylib

VM Arguments:
jvm_args: -javaagent:/Applications/IntelliJ IDEA.app/Contents/lib/idea_rt.jar=49757:/Applications/IntelliJ IDEA.app/Contents/bin -Dfile.encoding=UTF-8 
java_command: com.xieyangzhe.others.RingBuffer
java_class_path (initial): /Library/Java/JavaVirtualMachines/jdk1.8.0_181.jdk/Contents/Home/jre/lib/charsets.jar:/Library/Java/JavaVirtualMachines/jdk1.8.0_181.jdk/Contents/Home/jre/lib/deploy.jar:/Library/Java/JavaVirtualMachines/jdk1.8.0_181.jdk/Contents/Home/jre/lib/ext/cldrdata.jar:/Library/Java/JavaVirtualMachines/jdk1.8.0_181.jdk/Contents/Home/jre/lib/ext/dnsns.jar:/Library/Java/JavaVirtualMachines/jdk1.8.0_181.jdk/Contents/Home/jre/lib/ext/jaccess.jar:/Library/Java/JavaVirtualMachines/jdk1.8.0_181.jdk/Contents/Home/jre/lib/ext/jfxrt.jar:/Library/Java/JavaVirtualMachines/jdk1.8.0_181.jdk/Contents/Home/jre/lib/ext/localedata.jar:/Library/Java/JavaVirtualMachines/jdk1.8.0_181.jdk/Contents/Home/jre/lib/ext/nashorn.jar:/Library/Java/JavaVirtualMachines/jdk1.8.0_181.jdk/Contents/Home/jre/lib/ext/sunec.jar:/Library/Java/JavaVirtualMachines/jdk1.8.0_181.jdk/Contents/Home/jre/lib/ext/sunjce_provider.jar:/Library/Java/JavaVirtualMachines/jdk1.8.0_181.jdk/Contents/Home/jre/lib/ext/sunpkcs11.jar:/Library/Java/JavaVirtualMachines/jdk1.8.0_181.jdk/Contents/Home/jre/lib/ext/zipfs.jar:/Library/Java/JavaVirtualMachines/jdk1.8.0_181.jdk/Contents/Home/jre/lib/javaws.jar:/Library/Java/JavaVirtualMachines/jdk1.8.0_181.jdk/Contents/Home/jre/lib/jce.jar:/Library/Java/JavaVirtualMachines/jdk1.8.0_181.jdk/Contents/Home/jre/lib/jfr.jar:/Library/Java/JavaVirtualMachines/jdk1.8.0_181.jdk/Contents/Home/jre/lib/jfxswt.jar:/Library/Java/JavaVirtualMachines/jdk1.8.0_181.jdk/Contents/Home/jre/lib/jsse.jar:/Library/Java/JavaVirtualMachines/jdk1.8.0_181.jdk/Contents/Home/jre/lib/management-agent.jar:/Library/Java/JavaVirtualMachines/jdk1.8.0_181.jdk/Contents/Home/jre/lib/plugin.jar:/Library/Java/JavaVirtualMachines/jdk1.8.0_181.jdk/Contents/Home/jre/lib/resources.jar:/Library/Java/JavaVirtualMachines/jdk1.8.0_181.jdk/Contents/Home/jre/lib/rt.jar:/Library/Java/JavaVirtualMachines/jdk1.8.0_181.jdk/Contents/Home/lib/ant-javafx.jar:/Library/Java/JavaVirtualMachines/jdk1.8.0_181.jdk/Contents/Home
Launcher Type: SUN_STANDARD

Environment Variables:
PATH=/usr/local/bin:/usr/bin:/bin:/usr/sbin:/sbin:/Library/TeX/texbin:/Applications/IntelliJ IDEA.app/Contents/plugins/maven/lib/maven3//bin:/Users/joseph/Library/Android/sdk/tools:/Users/joseph/Library/Android/sdk/platform-tools:/Users/joseph/Workspace/tools/clang+llvm-6.0.0-x86_64-apple-darwin/bin
SHELL=/bin/zsh

Signal Handlers:
SIGSEGV: [libjvm.dylib+0x5b6029], sa_mask[0]=11111111011111110111111111111111, sa_flags=SA_ONSTACK|SA_RESTART|SA_SIGINFO
SIGBUS: [libjvm.dylib+0x5b6029], sa_mask[0]=11111111011111110111111111111111, sa_flags=SA_RESTART|SA_SIGINFO
SIGFPE: [libjvm.dylib+0x48b934], sa_mask[0]=11111111011111110111111111111111, sa_flags=SA_RESTART|SA_SIGINFO
SIGPIPE: [libjvm.dylib+0x48b934], sa_mask[0]=11111111011111110111111111111111, sa_flags=SA_RESTART|SA_SIGINFO
SIGXFSZ: [libjvm.dylib+0x48b934], sa_mask[0]=11111111011111110111111111111111, sa_flags=SA_RESTART|SA_SIGINFO
SIGILL: [libjvm.dylib+0x48b934], sa_mask[0]=11111111011111110111111111111111, sa_flags=SA_RESTART|SA_SIGINFO
SIGUSR1: SIG_DFL, sa_mask[0]=00000000000000000000000000000000, sa_flags=none
SIGUSR2: [libjvm.dylib+0x48b452], sa_mask[0]=00100000000000000000000000000000, sa_flags=SA_RESTART|SA_SIGINFO
SIGHUP: [libjvm.dylib+0x489a1d], sa_mask[0]=11111111011111110111111111111111, sa_flags=SA_RESTART|SA_SIGINFO
SIGINT: [libjvm.dylib+0x489a1d], sa_mask[0]=11111111011111110111111111111111, sa_flags=SA_RESTART|SA_SIGINFO
SIGTERM: [libjvm.dylib+0x489a1d], sa_mask[0]=11111111011111110111111111111111, sa_flags=SA_RESTART|SA_SIGINFO
SIGQUIT: [libjvm.dylib+0x489a1d], sa_mask[0]=11111111011111110111111111111111, sa_flags=SA_RESTART|SA_SIGINFO


---------------  S Y S T E M  ---------------

OS:Bsduname:Darwin 19.4.0 Darwin Kernel Version 19.4.0: Wed Mar  4 22:28:40 PST 2020; root:xnu-6153.101.6~15/RELEASE_X86_64 x86_64
rlimit: STACK 8192k, CORE 0k, NPROC 2784, NOFILE 10240, AS infinity
load average:2.07 2.09 2.08

CPU:total 12 (initial active 12) (6 cores per cpu, 2 threads per core) family 6 model 158 stepping 10, cmov, cx8, fxsr, mmx, sse, sse2, sse3, ssse3, sse4.1, sse4.2, popcnt, avx, avx2, aes, clmul, erms, rtm, 3dnowpref, lzcnt, ht, tsc, tscinvbit, bmi1, bmi2, adx

Memory: 4k page, physical 16777216k(755792k free)

/proc/meminfo:


vm_info: Java HotSpot(TM) 64-Bit Server VM (25.181-b13) for bsd-amd64 JRE (1.8.0_181-b13), built on Jul  7 2018 01:02:31 by "java_re" with gcc 4.2.1 (Based on Apple Inc. build 5658) (LLVM build 2336.11.00)

time: Wed Apr 22 20:51:53 2020
elapsed time: 0 seconds (0d 0h 0m 0s)

